[2024-05-02 08:14:01,050] {taskinstance.py:1032} INFO - Dependencies all met for <TaskInstance: ingest_data_bigquery_yt.download_dataset_task scheduled__2019-07-02T06:00:00+00:00 [queued]>
[2024-05-02 08:14:01,062] {taskinstance.py:1032} INFO - Dependencies all met for <TaskInstance: ingest_data_bigquery_yt.download_dataset_task scheduled__2019-07-02T06:00:00+00:00 [queued]>
[2024-05-02 08:14:01,062] {taskinstance.py:1238} INFO - 
--------------------------------------------------------------------------------
[2024-05-02 08:14:01,062] {taskinstance.py:1239} INFO - Starting attempt 6 of 6
[2024-05-02 08:14:01,062] {taskinstance.py:1240} INFO - 
--------------------------------------------------------------------------------
[2024-05-02 08:14:01,080] {taskinstance.py:1259} INFO - Executing <Task(BashOperator): download_dataset_task> on 2019-07-02 06:00:00+00:00
[2024-05-02 08:14:01,087] {standard_task_runner.py:52} INFO - Started process 733 to run task
[2024-05-02 08:14:01,093] {standard_task_runner.py:76} INFO - Running: ['***', 'tasks', 'run', 'ingest_data_bigquery_yt', 'download_dataset_task', 'scheduled__2019-07-02T06:00:00+00:00', '--job-id', '3774', '--raw', '--subdir', 'DAGS_FOLDER/data_ingestion_gcs_yt_dag.py', '--cfg-path', '/tmp/tmp_nqa7dbl', '--error-file', '/tmp/tmpg3muul6u']
[2024-05-02 08:14:01,098] {standard_task_runner.py:77} INFO - Job 3774: Subtask download_dataset_task
[2024-05-02 08:14:01,171] {logging_mixin.py:109} INFO - Running <TaskInstance: ingest_data_bigquery_yt.download_dataset_task scheduled__2019-07-02T06:00:00+00:00 [running]> on host 1b6fe6e4a3b5
[2024-05-02 08:14:01,207] {warnings.py:99} WARNING - /home/***/.local/lib/python3.6/site-packages/***/utils/context.py:152: AirflowContextDeprecationWarning: Accessing 'execution_date' from the template is deprecated and will be removed in a future version. Please use 'data_interval_start' or 'logical_date' instead.
  warnings.warn(_create_deprecation_warning(key, self._deprecation_replacements[key]))

[2024-05-02 08:14:01,231] {taskinstance.py:1426} INFO - Exporting the following env vars:
AIRFLOW_CTX_DAG_OWNER=***
AIRFLOW_CTX_DAG_ID=ingest_data_bigquery_yt
AIRFLOW_CTX_TASK_ID=download_dataset_task
AIRFLOW_CTX_EXECUTION_DATE=2019-07-02T06:00:00+00:00
AIRFLOW_CTX_DAG_RUN_ID=scheduled__2019-07-02T06:00:00+00:00
[2024-05-02 08:14:01,233] {subprocess.py:62} INFO - Tmp dir root location: 
 /tmp
[2024-05-02 08:14:01,233] {subprocess.py:74} INFO - Running command: ['bash', '-c', 'curl -sSL https://github.com/DataTalksClub/nyc-tlc-data/releases/download/yellow/yellow_tripdata_2019-07.csv.gz > /opt/***/raw_data/yellowtaxi_tripdata_2019-07.csv.gz | gunzip > /opt/***/raw_data/yellowtaxi_tripdata_2019-07.csv.gz && rm /opt/***/raw_data/yellowtaxi_tripdata_2019-07.csv.gz']
[2024-05-02 08:14:01,248] {subprocess.py:85} INFO - Output:
[2024-05-02 08:14:01,257] {subprocess.py:89} INFO - 
[2024-05-02 08:14:01,258] {subprocess.py:89} INFO - gzip: stdin: unexpected end of file
[2024-05-02 08:14:03,180] {subprocess.py:93} INFO - Command exited with return code 1
[2024-05-02 08:14:03,213] {taskinstance.py:1700} ERROR - Task failed with exception
Traceback (most recent call last):
  File "/home/airflow/.local/lib/python3.6/site-packages/airflow/models/taskinstance.py", line 1329, in _run_raw_task
    self._execute_task_with_callbacks(context)
  File "/home/airflow/.local/lib/python3.6/site-packages/airflow/models/taskinstance.py", line 1455, in _execute_task_with_callbacks
    result = self._execute_task(context, self.task)
  File "/home/airflow/.local/lib/python3.6/site-packages/airflow/models/taskinstance.py", line 1511, in _execute_task
    result = execute_callable(context=context)
  File "/home/airflow/.local/lib/python3.6/site-packages/airflow/operators/bash.py", line 188, in execute
    f'Bash command failed. The command returned a non-zero exit code {result.exit_code}.'
airflow.exceptions.AirflowException: Bash command failed. The command returned a non-zero exit code 1.
[2024-05-02 08:14:03,224] {taskinstance.py:1277} INFO - Marking task as FAILED. dag_id=ingest_data_bigquery_yt, task_id=download_dataset_task, execution_date=20190702T060000, start_date=20240502T081401, end_date=20240502T081403
[2024-05-02 08:14:03,248] {standard_task_runner.py:92} ERROR - Failed to execute job 3774 for task download_dataset_task
Traceback (most recent call last):
  File "/home/airflow/.local/lib/python3.6/site-packages/airflow/task/task_runner/standard_task_runner.py", line 85, in _start_by_fork
    args.func(args, dag=self.dag)
  File "/home/airflow/.local/lib/python3.6/site-packages/airflow/cli/cli_parser.py", line 48, in command
    return func(*args, **kwargs)
  File "/home/airflow/.local/lib/python3.6/site-packages/airflow/utils/cli.py", line 92, in wrapper
    return f(*args, **kwargs)
  File "/home/airflow/.local/lib/python3.6/site-packages/airflow/cli/commands/task_command.py", line 298, in task_run
    _run_task_by_selected_method(args, dag, ti)
  File "/home/airflow/.local/lib/python3.6/site-packages/airflow/cli/commands/task_command.py", line 107, in _run_task_by_selected_method
    _run_raw_task(args, ti)
  File "/home/airflow/.local/lib/python3.6/site-packages/airflow/cli/commands/task_command.py", line 184, in _run_raw_task
    error_file=args.error_file,
  File "/home/airflow/.local/lib/python3.6/site-packages/airflow/utils/session.py", line 70, in wrapper
    return func(*args, session=session, **kwargs)
  File "/home/airflow/.local/lib/python3.6/site-packages/airflow/models/taskinstance.py", line 1329, in _run_raw_task
    self._execute_task_with_callbacks(context)
  File "/home/airflow/.local/lib/python3.6/site-packages/airflow/models/taskinstance.py", line 1455, in _execute_task_with_callbacks
    result = self._execute_task(context, self.task)
  File "/home/airflow/.local/lib/python3.6/site-packages/airflow/models/taskinstance.py", line 1511, in _execute_task
    result = execute_callable(context=context)
  File "/home/airflow/.local/lib/python3.6/site-packages/airflow/operators/bash.py", line 188, in execute
    f'Bash command failed. The command returned a non-zero exit code {result.exit_code}.'
airflow.exceptions.AirflowException: Bash command failed. The command returned a non-zero exit code 1.
[2024-05-02 08:14:03,272] {local_task_job.py:154} INFO - Task exited with return code 1
[2024-05-02 08:14:03,368] {local_task_job.py:264} INFO - 0 downstream tasks scheduled from follow-on schedule check
